[2025-12-01, 22:48:07 UTC] {logging_mixin.py:188} WARNING - [I 2025-12-01 22:48:07,570] Trial 7 finished with value: 0.213438823143218 and parameters: {'learning_rate': 0.04079607842628744, 'n_estimators': 995, 'max_depth': 9, 'min_child_weight': 4, 'reg_alpha': 0.4284056610259155, 'reg_lambda': 0.18078464076727918, 'min_frequency': 0.0895341456373906}. Best is trial 7 with value: 0.213438823143218.
[2025-12-01, 22:48:07 UTC] {logging_mixin.py:188} INFO - [Optuna] Número de trials: 13
[2025-12-01, 22:48:07 UTC] {logging_mixin.py:188} INFO - [Optuna] Mejor F1: 0.2134
[2025-12-01, 22:48:07 UTC] {logging_mixin.py:188} INFO - [Optuna] Mejores parámetros: {'learning_rate': 0.04079607842628744, 'n_estimators': 995, 'max_depth': 9, 'min_child_weight': 4, 'reg_alpha': 0.4284056610259155, 'reg_lambda': 0.18078464076727918, 'min_frequency': 0.0895341456373906}
[2025-12-01, 22:48:07 UTC] {logging_mixin.py:188} INFO - [Optuna] Búsqueda finalizada.
[2025-12-01, 22:54:31 UTC] {logging_mixin.py:188} WARNING - 2025/12/01 22:54:31 INFO mlflow.tracking.fluent: Experiment with name 'sodai_xgb_prod' does not exist. Creating a new experiment.
[2025-12-01, 22:54:32 UTC] {logging_mixin.py:188} WARNING - 2025/12/01 22:54:32 WARNING mlflow.utils.git_utils: Failed to import Git (the Git executable is probably not on your PATH), so Git SHA is not available. Error: Failed to initialize: Bad git executable.
The git executable must be specified in one of the following ways:
    - be included in your $PATH
    - be set via $GIT_PYTHON_GIT_EXECUTABLE
    - explicitly set via git.refresh(<full-path-to-git-executable>)
All git commands will error until this is rectified.
This initial message can be silenced or aggravated in the future by setting the
$GIT_PYTHON_REFRESH environment variable. Use one of the following values:
    - quiet|q|silence|s|silent|none|n|0: for no message or exception
    - warn|w|warning|log|l|1: for a warning message (logging level CRITICAL, displayed by default)
    - error|e|exception|raise|r|2: for a raised exception
Example:
    export GIT_PYTHON_REFRESH=quiet
[2025-12-01, 22:55:10 UTC] {logging_mixin.py:188} INFO - === Métricas en validación con umbral seleccionado ===
[2025-12-01, 22:55:10 UTC] {logging_mixin.py:188} INFO - Umbral seleccionado: 0.8
[2025-12-01, 22:55:11 UTC] {logging_mixin.py:188} INFO -               precision    recall  f1-score   support
           0      0.989     0.943     0.965   1823506
           1      0.202     0.590     0.301     44954
    accuracy                          0.934   1868460
   macro avg      0.596     0.766     0.633   1868460
weighted avg      0.970     0.934     0.949   1868460
[2025-12-01, 22:55:29 UTC] {logging_mixin.py:188} INFO - === Métricas en test con umbral seleccionado ===
[2025-12-01, 22:55:30 UTC] {logging_mixin.py:188} INFO -               precision    recall  f1-score   support
           0      0.988     0.941     0.964    994642
           1      0.185     0.540     0.275     24518
    accuracy                          0.932   1019160
   macro avg      0.586     0.741     0.620   1019160
weighted avg      0.969     0.932     0.948   1019160
[2025-12-01, 22:57:20 UTC] {font_manager.py:1584} INFO - generated new fontManager
[2025-12-01, 22:58:43 UTC] {logging_mixin.py:188} INFO - [SHAP] Gráficos SHAP registrados en MLflow bajo 'shap'.
[2025-12-01, 22:59:01 UTC] {logging_mixin.py:188} WARNING - 2025/12/01 22:59:01 WARNING mlflow.models.model: Model logged without a signature and input example. Please set `input_example` parameter when logging the model to auto infer the model signature.
[2025-12-01, 22:59:02 UTC] {logging_mixin.py:188} INFO - [MLflow] Modelo sklearn registrado en MLflow bajo artifact_path='xgb_pipeline'.
[2025-12-01, 22:59:03 UTC] {logging_mixin.py:188} WARNING - 2025/12/01 22:59:03 INFO mlflow.tracking._tracking_service.client: 🏃 View run xgb_prod at: http://mlflow:5000/#/experiments/4/runs/12fc7741b15a4de1be05cb9be3436227.
[2025-12-01, 22:59:03 UTC] {logging_mixin.py:188} WARNING - 2025/12/01 22:59:03 INFO mlflow.tracking._tracking_service.client: 🧪 View experiment at: http://mlflow:5000/#/experiments/4.
[2025-12-01, 22:59:04 UTC] {logging_mixin.py:188} INFO - [retrain_model_task]  Modelo guardado en /opt/***/models/xgb_best_model.pkl
[2025-12-01, 22:59:04 UTC] {logging_mixin.py:188} INFO - [retrain_model_task]  Threshold óptimo: 0.8000
[2025-12-01, 22:59:05 UTC] {logging_mixin.py:188} INFO - Predicciones guardadas en /opt/***/artifacts/predictions/predicciones_test.parquet
[2025-12-01, 22:59:05 UTC] {logging_mixin.py:188} INFO - [retrain_model_task]  Predicciones test en /opt/***/artifacts/predictions/predicciones_test.parquet
[2025-12-01, 22:59:05 UTC] {python.py:201} INFO - Done. Returned value was: None
[2025-12-01, 22:59:05 UTC] {taskinstance.py:1138} INFO - Marking task as SUCCESS. dag_id=sodai_xgb_pipeline, task_id=retrain_model_task, execution_date=20251201T221703, start_date=20251201T221921, end_date=20251201T225905
[2025-12-01, 22:59:07 UTC] {local_task_job_runner.py:234} INFO - Task exited with return code 0
[2025-12-01, 22:59:10 UTC] {taskinstance.py:3281} INFO - 0 downstream tasks scheduled from follow-on schedule check

6. *skip_retrain*
*** Could not read served logs: Request URL is missing an 'http://' or 'https://' protocol.

7. *predict_next_week_task*
b6c371dd2e5a
*** Found local files:
***   * /opt/airflow/logs/dag_id=sodai_xgb_pipeline/run_id=manual__2025-12-01T22:17:03.284714+00:00/task_id=predict_next_week_task/attempt=1.log
[2025-12-01, 22:59:22 UTC] {taskinstance.py:1957} INFO - Dependencies all met for dep_context=non-requeueable deps ti=<TaskInstance: sodai_xgb_pipeline.predict_next_week_task manual__2025-12-01T22:17:03.284714+00:00 [queued]>
[2025-12-01, 22:59:22 UTC] {taskinstance.py:1957} INFO - Dependencies all met for dep_context=requeueable deps ti=<TaskInstance: sodai_xgb_pipeline.predict_next_week_task manual__2025-12-01T22:17:03.284714+00:00 [queued]>
[2025-12-01, 22:59:22 UTC] {taskinstance.py:2171} INFO - Starting attempt 1 of 2
[2025-12-01, 22:59:22 UTC] {taskinstance.py:2192} INFO - Executing <Task(PythonOperator): predict_next_week_task> on 2025-12-01 22:17:03.284714+00:00
[2025-12-01, 22:59:22 UTC] {standard_task_runner.py:60} INFO - Started process 2060 to run task
[2025-12-01, 22:59:22 UTC] {standard_task_runner.py:87} INFO - Running: ['***', 'tasks', 'run', 'sodai_xgb_pipeline', 'predict_next_week_task', 'manual__2025-12-01T22:17:03.284714+00:00', '--job-id', '97', '--raw', '--subdir', 'DAGS_FOLDER/sodai_xgb_pipeline_dag.py', '--cfg-path', '/tmp/tmp9d6jcglf']
[2025-12-01, 22:59:22 UTC] {standard_task_runner.py:88} INFO - Job 97: Subtask predict_next_week_task
[2025-12-01, 22:59:23 UTC] {task_command.py:423} INFO - Running <TaskInstance: sodai_xgb_pipeline.predict_next_week_task manual__2025-12-01T22:17:03.284714+00:00 [running]> on host b6c371dd2e5a
[2025-12-01, 22:59:23 UTC] {taskinstance.py:2481} INFO - Exporting env vars: AIRFLOW_CTX_DAG_OWNER='sodai_drinkers' AIRFLOW_CTX_DAG_ID='sodai_xgb_pipeline' AIRFLOW_CTX_TASK_ID='predict_next_week_task' AIRFLOW_CTX_EXECUTION_DATE='2025-12-01T22:17:03.284714+00:00' AIRFLOW_CTX_TRY_NUMBER='1' AIRFLOW_CTX_DAG_RUN_ID='manual__2025-12-01T22:17:03.284714+00:00'
[2025-12-01, 22:59:28 UTC] {logging_mixin.py:188} INFO - [predict_next_week_task]  Modelo cargado. Umbral: 0.8000
[2025-12-01, 22:59:28 UTC] {logging_mixin.py:188} INFO - [predict_next_week_task]  Archivo nueva semana: None
[2025-12-01, 23:00:45 UTC] {logging_mixin.py:188} INFO - [predict_next_week_task]  Candidatos t+2 construidos. Shape: (169860, 22)
[2025-12-01, 23:00:47 UTC] {logging_mixin.py:188} INFO - [predict_next_week_task]  Predicciones t+2 en /opt/***/artifacts/predictions/predicciones_finales.parquet
[2025-12-01, 23:00:47 UTC] {logging_mixin.py:188} INFO - [predict_next_week_task] Muestra:
  customer_id product_id  ... pred_binaria rank_cliente
0      123150      10652  ...            0            4
1      123150      10790  ...            0           22
2      123150      10808  ...            0           26
3      123150      11262  ...            0            3
4      123150      11490  ...            0           25
5      123150       1206  ...            0           34
6      123150        124  ...            0           14
7      123150       1304  ...            1            2
8      123150       1370  ...            1            1
9      123150       1372  ...            0           11
[10 rows x 25 columns]
[2025-12-01, 23:00:47 UTC] {logging_mixin.py:188} INFO - [predict_next_week_task] Predicciones positivas: 11,940 de 169,860 (7.03%)
[2025-12-01, 23:00:47 UTC] {python.py:201} INFO - Done. Returned value was: None
[2025-12-01, 23:00:47 UTC] {taskinstance.py:1138} INFO - Marking task as SUCCESS. dag_id=sodai_xgb_pipeline, task_id=predict_next_week_task, execution_date=20251201T221703, start_date=20251201T225922, end_date=20251201T230047
[2025-12-01, 23:00:47 UTC] {local_task_job_runner.py:234} INFO - Task exited with return code 0
[2025-12-01, 23:00:47 UTC] {taskinstance.py:3281} INFO - 0 downstream tasks scheduled from follow-on schedule check