[2025-12-02, 23:54:12 UTC] {logging_mixin.py:188} WARNING - [I 2025-12-02 23:54:12,502] Trial 10 finished with value: 0.10852234852541774 and parameters: {'learning_rate': 0.006954844472774129, 'n_estimators': 527, 'max_depth': 8, 'min_child_weight': 2, 'reg_alpha': 0.8704689434476873, 'reg_lambda': 0.25059060687222323, 'min_frequency': 0.5043941704475883}. Best is trial 4 with value: 0.1702253008998228.
[2025-12-02, 23:54:12 UTC] {logging_mixin.py:188} INFO - [Optuna] Número de trials: 11
[2025-12-02, 23:54:12 UTC] {logging_mixin.py:188} INFO - [Optuna] Mejor F1: 0.1702
[2025-12-02, 23:54:12 UTC] {logging_mixin.py:188} INFO - [Optuna] Mejores parámetros: {'learning_rate': 0.0894800707451156, 'n_estimators': 664, 'max_depth': 7, 'min_child_weight': 4, 'reg_alpha': 0.07737356507452486, 'reg_lambda': 0.6098755873840193, 'min_frequency': 0.22587696042949346}
[2025-12-02, 23:54:12 UTC] {logging_mixin.py:188} INFO - [Optuna] Búsqueda finalizada.
[2025-12-02, 23:58:21 UTC] {logging_mixin.py:188} WARNING - 2025/12/02 23:58:21 WARNING mlflow.utils.git_utils: Failed to import Git (the Git executable is probably not on your PATH), so Git SHA is not available. Error: Failed to initialize: Bad git executable.
The git executable must be specified in one of the following ways:
    - be included in your $PATH
    - be set via $GIT_PYTHON_GIT_EXECUTABLE
    - explicitly set via git.refresh(<full-path-to-git-executable>)
All git commands will error until this is rectified.
This initial message can be silenced or aggravated in the future by setting the
$GIT_PYTHON_REFRESH environment variable. Use one of the following values:
    - quiet|q|silence|s|silent|none|n|0: for no message or exception
    - warn|w|warning|log|l|1: for a warning message (logging level CRITICAL, displayed by default)
    - error|e|exception|raise|r|2: for a raised exception
Example:
    export GIT_PYTHON_REFRESH=quiet
[2025-12-02, 23:58:52 UTC] {logging_mixin.py:188} INFO - === Métricas en validación con umbral seleccionado ===
[2025-12-02, 23:58:52 UTC] {logging_mixin.py:188} INFO - Umbral seleccionado: 0.8
[2025-12-02, 23:58:53 UTC] {logging_mixin.py:188} INFO -               precision    recall  f1-score   support
           0      0.986     0.938     0.961   1824760
           1      0.159     0.478     0.238     44954
    accuracy                          0.927   1869714
   macro avg      0.573     0.708     0.600   1869714
weighted avg      0.967     0.927     0.944   1869714
[2025-12-02, 23:59:00 UTC] {logging_mixin.py:188} INFO - === Métricas en test con umbral seleccionado ===
[2025-12-02, 23:59:01 UTC] {logging_mixin.py:188} INFO -               precision    recall  f1-score   support
           0      0.984     0.938     0.960    992307
           1      0.168     0.449     0.244     27537
    accuracy                          0.925   1019844
   macro avg      0.576     0.694     0.602   1019844
weighted avg      0.962     0.925     0.941   1019844
[2025-12-02, 23:59:57 UTC] {logging_mixin.py:188} INFO - [SHAP] Gráficos SHAP registrados en MLflow bajo 'shap'.
[2025-12-03, 00:00:04 UTC] {logging_mixin.py:188} WARNING - 2025/12/03 00:00:04 WARNING mlflow.models.model: Model logged without a signature and input example. Please set `input_example` parameter when logging the model to auto infer the model signature.
[2025-12-03, 00:00:04 UTC] {logging_mixin.py:188} INFO - [MLflow] Modelo sklearn registrado en MLflow bajo artifact_path='xgb_pipeline'.
[2025-12-03, 00:00:04 UTC] {logging_mixin.py:188} WARNING - 2025/12/03 00:00:04 INFO mlflow.tracking._tracking_service.client: 🏃 View run xgb_prod at: http://mlflow:5000/#/experiments/4/runs/5e9d1580e03c4cb18279d8101d1f0880.
[2025-12-03, 00:00:04 UTC] {logging_mixin.py:188} WARNING - 2025/12/03 00:00:04 INFO mlflow.tracking._tracking_service.client: 🧪 View experiment at: http://mlflow:5000/#/experiments/4.
[2025-12-03, 00:00:04 UTC] {logging_mixin.py:188} INFO - [retrain_model_task]  Modelo guardado en /opt/***/models/xgb_best_model.pkl
[2025-12-03, 00:00:04 UTC] {logging_mixin.py:188} INFO - [retrain_model_task]  Threshold óptimo: 0.8000
[2025-12-03, 00:00:04 UTC] {logging_mixin.py:188} INFO - Predicciones guardadas en /opt/***/artifacts/predictions/predicciones_test.parquet
[2025-12-03, 00:00:04 UTC] {logging_mixin.py:188} INFO - [retrain_model_task]  Predicciones test en /opt/***/artifacts/predictions/predicciones_test.parquet
[2025-12-03, 00:00:05 UTC] {python.py:201} INFO - Done. Returned value was: None
[2025-12-03, 00:00:05 UTC] {taskinstance.py:1138} INFO - Marking task as SUCCESS. dag_id=sodai_xgb_pipeline, task_id=retrain_model_task, execution_date=20251202T232551, start_date=20251202T232836, end_date=20251203T000005
[2025-12-03, 00:00:06 UTC] {local_task_job_runner.py:234} INFO - Task exited with return code 0
[2025-12-03, 00:00:06 UTC] {taskinstance.py:3281} INFO - 0 downstream tasks scheduled from follow-on schedule check

6. *skip_retrain*
*** Could not read served logs: Request URL is missing an 'http://' or 'https://' protocol.

7. *predict_next_week_task*
b6c371dd2e5a
*** Found local files:
***   * /opt/airflow/logs/dag_id=sodai_xgb_pipeline/run_id=manual__2025-12-02T23:25:51.640877+00:00/task_id=predict_next_week_task/attempt=1.log
[2025-12-03, 00:00:07 UTC] {taskinstance.py:1957} INFO - Dependencies all met for dep_context=non-requeueable deps ti=<TaskInstance: sodai_xgb_pipeline.predict_next_week_task manual__2025-12-02T23:25:51.640877+00:00 [queued]>
[2025-12-03, 00:00:07 UTC] {taskinstance.py:1957} INFO - Dependencies all met for dep_context=requeueable deps ti=<TaskInstance: sodai_xgb_pipeline.predict_next_week_task manual__2025-12-02T23:25:51.640877+00:00 [queued]>
[2025-12-03, 00:00:07 UTC] {taskinstance.py:2171} INFO - Starting attempt 1 of 2
[2025-12-03, 00:00:07 UTC] {taskinstance.py:2192} INFO - Executing <Task(PythonOperator): predict_next_week_task> on 2025-12-02 23:25:51.640877+00:00
[2025-12-03, 00:00:07 UTC] {standard_task_runner.py:60} INFO - Started process 1458 to run task
[2025-12-03, 00:00:07 UTC] {standard_task_runner.py:87} INFO - Running: ['***', 'tasks', 'run', 'sodai_xgb_pipeline', 'predict_next_week_task', 'manual__2025-12-02T23:25:51.640877+00:00', '--job-id', '113', '--raw', '--subdir', 'DAGS_FOLDER/sodai_xgb_pipeline_dag.py', '--cfg-path', '/tmp/tmpa5anx9ez']
[2025-12-03, 00:00:07 UTC] {standard_task_runner.py:88} INFO - Job 113: Subtask predict_next_week_task
[2025-12-03, 00:00:07 UTC] {task_command.py:423} INFO - Running <TaskInstance: sodai_xgb_pipeline.predict_next_week_task manual__2025-12-02T23:25:51.640877+00:00 [running]> on host b6c371dd2e5a
[2025-12-03, 00:00:08 UTC] {taskinstance.py:2481} INFO - Exporting env vars: AIRFLOW_CTX_DAG_OWNER='sodai_drinkers' AIRFLOW_CTX_DAG_ID='sodai_xgb_pipeline' AIRFLOW_CTX_TASK_ID='predict_next_week_task' AIRFLOW_CTX_EXECUTION_DATE='2025-12-02T23:25:51.640877+00:00' AIRFLOW_CTX_TRY_NUMBER='1' AIRFLOW_CTX_DAG_RUN_ID='manual__2025-12-02T23:25:51.640877+00:00'
[2025-12-03, 00:00:08 UTC] {logging_mixin.py:188} INFO - [predict_next_week_task]  Modelo cargado. Umbral: 0.8000
[2025-12-03, 00:00:08 UTC] {logging_mixin.py:188} INFO - [predict_next_week_task]  Archivo nueva semana: transacciones_1.parquet
[2025-12-03, 00:01:35 UTC] {logging_mixin.py:188} INFO - [predict_next_week_task]  Candidatos t+2 construidos. Shape: (169974, 22)
[2025-12-03, 00:01:36 UTC] {logging_mixin.py:188} INFO - [predict_next_week_task]  Predicciones t+2 en /opt/***/artifacts/predictions/predicciones_finales.parquet
[2025-12-03, 00:01:36 UTC] {logging_mixin.py:188} INFO - [predict_next_week_task] Muestra:
  customer_id product_id  ... pred_binaria rank_cliente
0      123150      10652  ...            0            6
1      123150      10790  ...            0           14
2      123150      10808  ...            0           10
3      123150      11262  ...            0            2
4      123150      11490  ...            0           13
5      123150       1206  ...            0           18
6      123150        124  ...            0           11
7      123150       1304  ...            1            1
8      123150       1370  ...            1            1
9      123150       1372  ...            1            1
[10 rows x 25 columns]
[2025-12-03, 00:01:36 UTC] {logging_mixin.py:188} INFO - [predict_next_week_task] Predicciones positivas: 12,294 de 169,974 (7.23%)
[2025-12-03, 00:01:36 UTC] {python.py:201} INFO - Done. Returned value was: None
[2025-12-03, 00:01:36 UTC] {taskinstance.py:1138} INFO - Marking task as SUCCESS. dag_id=sodai_xgb_pipeline, task_id=predict_next_week_task, execution_date=20251202T232551, start_date=20251203T000007, end_date=20251203T000136
[2025-12-03, 00:01:36 UTC] {local_task_job_runner.py:234} INFO - Task exited with return code 0
[2025-12-03, 00:01:36 UTC] {taskinstance.py:3281} INFO - 0 downstream tasks scheduled from follow-on schedule check