[2025-12-03, 14:17:02 UTC] {logging_mixin.py:188} WARNING - [I 2025-12-03 14:17:02,756] Trial 9 finished with value: 0.18635543459839898 and parameters: {'learning_rate': 0.08192617271185595, 'n_estimators': 993, 'max_depth': 8, 'min_child_weight': 4, 'reg_alpha': 0.8015564097402165, 'reg_lambda': 0.21068027200784345, 'min_frequency': 0.11951662077864078}. Best is trial 9 with value: 0.18635543459839898.
[2025-12-03, 14:17:02 UTC] {logging_mixin.py:188} INFO - [Optuna] Número de trials: 10
[2025-12-03, 14:17:02 UTC] {logging_mixin.py:188} INFO - [Optuna] Mejor F1: 0.1864
[2025-12-03, 14:17:02 UTC] {logging_mixin.py:188} INFO - [Optuna] Mejores parámetros: {'learning_rate': 0.08192617271185595, 'n_estimators': 993, 'max_depth': 8, 'min_child_weight': 4, 'reg_alpha': 0.8015564097402165, 'reg_lambda': 0.21068027200784345, 'min_frequency': 0.11951662077864078}
[2025-12-03, 14:17:02 UTC] {logging_mixin.py:188} INFO - [Optuna] Búsqueda finalizada.
[2025-12-03, 14:22:44 UTC] {logging_mixin.py:188} WARNING - 2025/12/03 14:22:44 WARNING mlflow.utils.git_utils: Failed to import Git (the Git executable is probably not on your PATH), so Git SHA is not available. Error: Failed to initialize: Bad git executable.
The git executable must be specified in one of the following ways:
    - be included in your $PATH
    - be set via $GIT_PYTHON_GIT_EXECUTABLE
    - explicitly set via git.refresh(<full-path-to-git-executable>)
All git commands will error until this is rectified.
This initial message can be silenced or aggravated in the future by setting the
$GIT_PYTHON_REFRESH environment variable. Use one of the following values:
    - quiet|q|silence|s|silent|none|n|0: for no message or exception
    - warn|w|warning|log|l|1: for a warning message (logging level CRITICAL, displayed by default)
    - error|e|exception|raise|r|2: for a raised exception
Example:
    export GIT_PYTHON_REFRESH=quiet
[2025-12-03, 14:23:19 UTC] {logging_mixin.py:188} INFO - === Métricas en validación con umbral seleccionado ===
[2025-12-03, 14:23:19 UTC] {logging_mixin.py:188} INFO - Umbral seleccionado: 0.8
[2025-12-03, 14:23:20 UTC] {logging_mixin.py:188} INFO -               precision    recall  f1-score   support
           0      0.988     0.936     0.961   1832284
           1      0.174     0.547     0.264     44954
    accuracy                          0.927   1877238
   macro avg      0.581     0.742     0.612   1877238
weighted avg      0.969     0.927     0.945   1877238
[2025-12-03, 14:23:37 UTC] {logging_mixin.py:188} INFO - === Métricas en test con umbral seleccionado ===
[2025-12-03, 14:23:37 UTC] {logging_mixin.py:188} INFO -               precision    recall  f1-score   support
           0      0.986     0.936     0.960   1162390
           1      0.180     0.503     0.265     32216
    accuracy                          0.925   1194606
   macro avg      0.583     0.720     0.613   1194606
weighted avg      0.964     0.925     0.942   1194606
[2025-12-03, 14:25:09 UTC] {logging_mixin.py:188} INFO - [SHAP] Gráficos SHAP registrados en MLflow bajo 'shap'.
[2025-12-03, 14:25:13 UTC] {logging_mixin.py:188} WARNING - 2025/12/03 14:25:13 WARNING mlflow.models.model: Model logged without a signature and input example. Please set `input_example` parameter when logging the model to auto infer the model signature.
[2025-12-03, 14:25:13 UTC] {logging_mixin.py:188} INFO - [MLflow] Modelo sklearn registrado en MLflow bajo artifact_path='xgb_pipeline'.
[2025-12-03, 14:25:14 UTC] {logging_mixin.py:188} WARNING - 2025/12/03 14:25:14 INFO mlflow.tracking._tracking_service.client: 🏃 View run xgb_prod at: http://mlflow:5000/#/experiments/4/runs/d7cf76efcadf4e3d936f313ebdf9979a.
[2025-12-03, 14:25:14 UTC] {logging_mixin.py:188} WARNING - 2025/12/03 14:25:14 INFO mlflow.tracking._tracking_service.client: 🧪 View experiment at: http://mlflow:5000/#/experiments/4.
[2025-12-03, 14:25:14 UTC] {logging_mixin.py:188} INFO - [retrain_model_task]  Modelo guardado en /opt/***/models/xgb_best_model.pkl
[2025-12-03, 14:25:14 UTC] {logging_mixin.py:188} INFO - [retrain_model_task]  Threshold óptimo: 0.8000
[2025-12-03, 14:25:14 UTC] {logging_mixin.py:188} INFO - Predicciones guardadas en /opt/***/artifacts/predictions/predicciones_test.parquet
[2025-12-03, 14:25:14 UTC] {logging_mixin.py:188} INFO - [retrain_model_task]  Predicciones test en /opt/***/artifacts/predictions/predicciones_test.parquet
[2025-12-03, 14:25:14 UTC] {python.py:201} INFO - Done. Returned value was: None
[2025-12-03, 14:25:14 UTC] {taskinstance.py:1138} INFO - Marking task as SUCCESS. dag_id=sodai_xgb_pipeline, task_id=retrain_model_task, execution_date=20251203T134502, start_date=20251203T134755, end_date=20251203T142514
[2025-12-03, 14:25:16 UTC] {local_task_job_runner.py:234} INFO - Task exited with return code 0
[2025-12-03, 14:25:16 UTC] {taskinstance.py:3281} INFO - 0 downstream tasks scheduled from follow-on schedule check

6. *skip_retrain*
*** Could not read served logs: Request URL is missing an 'http://' or 'https://' protocol.

7. *predict_next_week_task*
b6c371dd2e5a
*** Found local files:
***   * /opt/airflow/logs/dag_id=sodai_xgb_pipeline/run_id=manual__2025-12-03T13:45:02.560303+00:00/task_id=predict_next_week_task/attempt=1.log
[2025-12-03, 14:25:18 UTC] {taskinstance.py:1957} INFO - Dependencies all met for dep_context=non-requeueable deps ti=<TaskInstance: sodai_xgb_pipeline.predict_next_week_task manual__2025-12-03T13:45:02.560303+00:00 [queued]>
[2025-12-03, 14:25:18 UTC] {taskinstance.py:1957} INFO - Dependencies all met for dep_context=requeueable deps ti=<TaskInstance: sodai_xgb_pipeline.predict_next_week_task manual__2025-12-03T13:45:02.560303+00:00 [queued]>
[2025-12-03, 14:25:18 UTC] {taskinstance.py:2171} INFO - Starting attempt 1 of 2
[2025-12-03, 14:25:18 UTC] {taskinstance.py:2192} INFO - Executing <Task(PythonOperator): predict_next_week_task> on 2025-12-03 13:45:02.560303+00:00
[2025-12-03, 14:25:18 UTC] {standard_task_runner.py:60} INFO - Started process 1705 to run task
[2025-12-03, 14:25:18 UTC] {standard_task_runner.py:87} INFO - Running: ['***', 'tasks', 'run', 'sodai_xgb_pipeline', 'predict_next_week_task', 'manual__2025-12-03T13:45:02.560303+00:00', '--job-id', '131', '--raw', '--subdir', 'DAGS_FOLDER/sodai_xgb_pipeline_dag.py', '--cfg-path', '/tmp/tmpx7dohzkz']
[2025-12-03, 14:25:18 UTC] {standard_task_runner.py:88} INFO - Job 131: Subtask predict_next_week_task
[2025-12-03, 14:25:19 UTC] {task_command.py:423} INFO - Running <TaskInstance: sodai_xgb_pipeline.predict_next_week_task manual__2025-12-03T13:45:02.560303+00:00 [running]> on host b6c371dd2e5a
[2025-12-03, 14:25:19 UTC] {taskinstance.py:2481} INFO - Exporting env vars: AIRFLOW_CTX_DAG_OWNER='sodai_drinkers' AIRFLOW_CTX_DAG_ID='sodai_xgb_pipeline' AIRFLOW_CTX_TASK_ID='predict_next_week_task' AIRFLOW_CTX_EXECUTION_DATE='2025-12-03T13:45:02.560303+00:00' AIRFLOW_CTX_TRY_NUMBER='1' AIRFLOW_CTX_DAG_RUN_ID='manual__2025-12-03T13:45:02.560303+00:00'
[2025-12-03, 14:25:20 UTC] {logging_mixin.py:188} INFO - [predict_next_week_task]  Modelo cargado. Umbral: 0.8000
[2025-12-03, 14:25:20 UTC] {logging_mixin.py:188} INFO - [predict_next_week_task]  Archivos nueva semana: ['transacciones_1.parquet', 'transacciones_2.parquet']
[2025-12-03, 14:25:20 UTC] {logging_mixin.py:188} INFO -   [load_raw_data] Cargado: transacciones_1.parquet con 3,942 registros
[2025-12-03, 14:25:20 UTC] {logging_mixin.py:188} INFO -   [load_raw_data] Cargado: transacciones_2.parquet con 6,531 registros
[2025-12-03, 14:25:20 UTC] {logging_mixin.py:188} INFO -   [load_raw_data] Total transacciones: 265,409 registros
[2025-12-03, 14:26:42 UTC] {logging_mixin.py:188} INFO - [predict_next_week_task]  Candidatos t+2 construidos. Shape: (170658, 22)
[2025-12-03, 14:26:43 UTC] {logging_mixin.py:188} INFO - [predict_next_week_task]  Predicciones t+2 en /opt/***/artifacts/predictions/predicciones_finales.parquet
[2025-12-03, 14:26:43 UTC] {logging_mixin.py:188} INFO - [predict_next_week_task] Muestra:
  customer_id product_id  ... pred_binaria rank_cliente
0      123150      10652  ...            0            3
1      123150      10790  ...            0           15
2      123150      10808  ...            0           16
3      123150      11262  ...            0            2
4      123150      11490  ...            0           14
5      123150       1206  ...            0           23
6      123150        124  ...            0           12
7      123150       1304  ...            1            1
8      123150       1370  ...            1            1
9      123150       1372  ...            0            7
[10 rows x 25 columns]
[2025-12-03, 14:26:43 UTC] {logging_mixin.py:188} INFO - [predict_next_week_task] Predicciones positivas: 12,883 de 170,658 (7.55%)
[2025-12-03, 14:26:43 UTC] {python.py:201} INFO - Done. Returned value was: None
[2025-12-03, 14:26:43 UTC] {taskinstance.py:1138} INFO - Marking task as SUCCESS. dag_id=sodai_xgb_pipeline, task_id=predict_next_week_task, execution_date=20251203T134502, start_date=20251203T142518, end_date=20251203T142643
[2025-12-03, 14:26:44 UTC] {local_task_job_runner.py:234} INFO - Task exited with return code 0
[2025-12-03, 14:26:44 UTC] {taskinstance.py:3281} INFO - 0 downstream tasks scheduled from follow-on schedule check