1. *extract_data_task*
b6c371dd2e5a
*** Found local files:
***   * /opt/airflow/logs/dag_id=sodai_xgb_pipeline/run_id=manual__2025-12-03T13:45:02.560303+00:00/task_id=extract_data_task/attempt=1.log
[2025-12-03, 13:45:04 UTC] {taskinstance.py:1957} INFO - Dependencies all met for dep_context=non-requeueable deps ti=<TaskInstance: sodai_xgb_pipeline.extract_data_task manual__2025-12-03T13:45:02.560303+00:00 [queued]>
[2025-12-03, 13:45:04 UTC] {taskinstance.py:1957} INFO - Dependencies all met for dep_context=requeueable deps ti=<TaskInstance: sodai_xgb_pipeline.extract_data_task manual__2025-12-03T13:45:02.560303+00:00 [queued]>
[2025-12-03, 13:45:04 UTC] {taskinstance.py:2171} INFO - Starting attempt 1 of 2
[2025-12-03, 13:45:04 UTC] {taskinstance.py:2192} INFO - Executing <Task(PythonOperator): extract_data_task> on 2025-12-03 13:45:02.560303+00:00
[2025-12-03, 13:45:04 UTC] {standard_task_runner.py:60} INFO - Started process 176 to run task
[2025-12-03, 13:45:04 UTC] {standard_task_runner.py:87} INFO - Running: ['***', 'tasks', 'run', 'sodai_xgb_pipeline', 'extract_data_task', 'manual__2025-12-03T13:45:02.560303+00:00', '--job-id', '126', '--raw', '--subdir', 'DAGS_FOLDER/sodai_xgb_pipeline_dag.py', '--cfg-path', '/tmp/tmphpe6c9ix']
[2025-12-03, 13:45:04 UTC] {standard_task_runner.py:88} INFO - Job 126: Subtask extract_data_task
[2025-12-03, 13:45:04 UTC] {task_command.py:423} INFO - Running <TaskInstance: sodai_xgb_pipeline.extract_data_task manual__2025-12-03T13:45:02.560303+00:00 [running]> on host b6c371dd2e5a
[2025-12-03, 13:45:04 UTC] {taskinstance.py:2481} INFO - Exporting env vars: AIRFLOW_CTX_DAG_OWNER='sodai_drinkers' AIRFLOW_CTX_DAG_ID='sodai_xgb_pipeline' AIRFLOW_CTX_TASK_ID='extract_data_task' AIRFLOW_CTX_EXECUTION_DATE='2025-12-03T13:45:02.560303+00:00' AIRFLOW_CTX_TRY_NUMBER='1' AIRFLOW_CTX_DAG_RUN_ID='manual__2025-12-03T13:45:02.560303+00:00'
[2025-12-03, 13:45:04 UTC] {logging_mixin.py:188} INFO - [extract_data_task] Archivos disponibles en DATA_DIR: ['clientes.parquet', 'df_final_latest.parquet', 'productos.parquet', 'transacciones.parquet', 'transacciones_1.parquet', 'transacciones_2.parquet']
[2025-12-03, 13:45:04 UTC] {crypto.py:82} WARNING - empty cryptography key - values will not be stored encrypted.
[2025-12-03, 13:45:04 UTC] {logging_mixin.py:188} INFO - [extract_data_task] Nueva data detectada: ['transacciones_1.parquet', 'transacciones_2.parquet']
[2025-12-03, 13:45:04 UTC] {logging_mixin.py:188} INFO - [extract_data_task] Total de archivos nuevos: 2
[2025-12-03, 13:45:04 UTC] {logging_mixin.py:188} INFO - [extract_data_task] Variable NEW_TX_FILES_LIST seteada
[2025-12-03, 13:45:04 UTC] {logging_mixin.py:188} INFO - [extract_data_task]  Todos los archivos requeridos están presentes.
[2025-12-03, 13:45:04 UTC] {python.py:201} INFO - Done. Returned value was: None
[2025-12-03, 13:45:04 UTC] {taskinstance.py:1138} INFO - Marking task as SUCCESS. dag_id=sodai_xgb_pipeline, task_id=extract_data_task, execution_date=20251203T134502, start_date=20251203T134504, end_date=20251203T134504
[2025-12-03, 13:45:04 UTC] {local_task_job_runner.py:234} INFO - Task exited with return code 0
[2025-12-03, 13:45:04 UTC] {taskinstance.py:3281} INFO - 1 downstream tasks scheduled from follow-on schedule check

2. *transform_data_task*
b6c371dd2e5a
*** Found local files:
***   * /opt/airflow/logs/dag_id=sodai_xgb_pipeline/run_id=manual__2025-12-03T13:45:02.560303+00:00/task_id=transform_data_task/attempt=1.log
[2025-12-03, 13:45:05 UTC] {taskinstance.py:1957} INFO - Dependencies all met for dep_context=non-requeueable deps ti=<TaskInstance: sodai_xgb_pipeline.transform_data_task manual__2025-12-03T13:45:02.560303+00:00 [queued]>
[2025-12-03, 13:45:05 UTC] {taskinstance.py:1957} INFO - Dependencies all met for dep_context=requeueable deps ti=<TaskInstance: sodai_xgb_pipeline.transform_data_task manual__2025-12-03T13:45:02.560303+00:00 [queued]>
[2025-12-03, 13:45:05 UTC] {taskinstance.py:2171} INFO - Starting attempt 1 of 2
[2025-12-03, 13:45:05 UTC] {taskinstance.py:2192} INFO - Executing <Task(PythonOperator): transform_data_task> on 2025-12-03 13:45:02.560303+00:00
[2025-12-03, 13:45:05 UTC] {standard_task_runner.py:60} INFO - Started process 179 to run task
[2025-12-03, 13:45:05 UTC] {standard_task_runner.py:87} INFO - Running: ['***', 'tasks', 'run', 'sodai_xgb_pipeline', 'transform_data_task', 'manual__2025-12-03T13:45:02.560303+00:00', '--job-id', '127', '--raw', '--subdir', 'DAGS_FOLDER/sodai_xgb_pipeline_dag.py', '--cfg-path', '/tmp/tmpvhg2jspt']
[2025-12-03, 13:45:05 UTC] {standard_task_runner.py:88} INFO - Job 127: Subtask transform_data_task
[2025-12-03, 13:45:05 UTC] {task_command.py:423} INFO - Running <TaskInstance: sodai_xgb_pipeline.transform_data_task manual__2025-12-03T13:45:02.560303+00:00 [running]> on host b6c371dd2e5a
[2025-12-03, 13:45:05 UTC] {taskinstance.py:2481} INFO - Exporting env vars: AIRFLOW_CTX_DAG_OWNER='sodai_drinkers' AIRFLOW_CTX_DAG_ID='sodai_xgb_pipeline' AIRFLOW_CTX_TASK_ID='transform_data_task' AIRFLOW_CTX_EXECUTION_DATE='2025-12-03T13:45:02.560303+00:00' AIRFLOW_CTX_TRY_NUMBER='1' AIRFLOW_CTX_DAG_RUN_ID='manual__2025-12-03T13:45:02.560303+00:00'
[2025-12-03, 13:45:05 UTC] {logging_mixin.py:188} INFO - [transform_data_task] Archivos nuevos: ['transacciones_1.parquet', 'transacciones_2.parquet']
[2025-12-03, 13:45:05 UTC] {logging_mixin.py:188} INFO - [transform_data_task] Total archivos a procesar: 2
[2025-12-03, 13:45:05 UTC] {logging_mixin.py:188} INFO -   [load_raw_data] Cargado: transacciones_1.parquet con 3,942 registros
[2025-12-03, 13:45:05 UTC] {logging_mixin.py:188} INFO -   [load_raw_data] Cargado: transacciones_2.parquet con 6,531 registros
[2025-12-03, 13:45:05 UTC] {logging_mixin.py:188} INFO -   [load_raw_data] Total transacciones: 265,409 registros
[2025-12-03, 13:47:41 UTC] {logging_mixin.py:188} INFO - [transform_data_task]  df_final guardado en /opt/***/data/df_final_latest.parquet. Shape: (9215532, 23)
[2025-12-03, 13:47:41 UTC] {python.py:201} INFO - Done. Returned value was: /opt/***/data/df_final_latest.parquet
[2025-12-03, 13:47:41 UTC] {taskinstance.py:1138} INFO - Marking task as SUCCESS. dag_id=sodai_xgb_pipeline, task_id=transform_data_task, execution_date=20251203T134502, start_date=20251203T134505, end_date=20251203T134741
[2025-12-03, 13:47:41 UTC] {local_task_job_runner.py:234} INFO - Task exited with return code 0
[2025-12-03, 13:47:42 UTC] {taskinstance.py:3281} INFO - 0 downstream tasks scheduled from follow-on schedule check

3. *check_drift_task*
b6c371dd2e5a
*** Found local files:
***   * /opt/airflow/logs/dag_id=sodai_xgb_pipeline/run_id=manual__2025-12-03T13:45:02.560303+00:00/task_id=check_drift_task/attempt=1.log
[2025-12-03, 13:47:45 UTC] {taskinstance.py:1957} INFO - Dependencies all met for dep_context=non-requeueable deps ti=<TaskInstance: sodai_xgb_pipeline.check_drift_task manual__2025-12-03T13:45:02.560303+00:00 [queued]>
[2025-12-03, 13:47:45 UTC] {taskinstance.py:1957} INFO - Dependencies all met for dep_context=requeueable deps ti=<TaskInstance: sodai_xgb_pipeline.check_drift_task manual__2025-12-03T13:45:02.560303+00:00 [queued]>
[2025-12-03, 13:47:45 UTC] {taskinstance.py:2171} INFO - Starting attempt 1 of 2
[2025-12-03, 13:47:45 UTC] {taskinstance.py:2192} INFO - Executing <Task(PythonOperator): check_drift_task> on 2025-12-03 13:45:02.560303+00:00
[2025-12-03, 13:47:45 UTC] {standard_task_runner.py:60} INFO - Started process 306 to run task
[2025-12-03, 13:47:45 UTC] {standard_task_runner.py:87} INFO - Running: ['***', 'tasks', 'run', 'sodai_xgb_pipeline', 'check_drift_task', 'manual__2025-12-03T13:45:02.560303+00:00', '--job-id', '128', '--raw', '--subdir', 'DAGS_FOLDER/sodai_xgb_pipeline_dag.py', '--cfg-path', '/tmp/tmpr2295gtf']
[2025-12-03, 13:47:45 UTC] {standard_task_runner.py:88} INFO - Job 128: Subtask check_drift_task
[2025-12-03, 13:47:45 UTC] {task_command.py:423} INFO - Running <TaskInstance: sodai_xgb_pipeline.check_drift_task manual__2025-12-03T13:45:02.560303+00:00 [running]> on host b6c371dd2e5a
[2025-12-03, 13:47:45 UTC] {taskinstance.py:2481} INFO - Exporting env vars: AIRFLOW_CTX_DAG_OWNER='sodai_drinkers' AIRFLOW_CTX_DAG_ID='sodai_xgb_pipeline' AIRFLOW_CTX_TASK_ID='check_drift_task' AIRFLOW_CTX_EXECUTION_DATE='2025-12-03T13:45:02.560303+00:00' AIRFLOW_CTX_TRY_NUMBER='1' AIRFLOW_CTX_DAG_RUN_ID='manual__2025-12-03T13:45:02.560303+00:00'
[2025-12-03, 13:47:45 UTC] {logging_mixin.py:188} INFO - [check_drift_task] Cargando df_final desde /opt/***/data/df_final_latest.parquet
[2025-12-03, 13:47:48 UTC] {logging_mixin.py:188} INFO - [check_drift_task] df_final cargado para drift con shape: (9215532, 8)
[2025-12-03, 13:47:51 UTC] {logging_mixin.py:188} INFO - [check_drift_task]  Sin drift
[2025-12-03, 13:47:51 UTC] {logging_mixin.py:188} INFO - [check_drift_task] Reporte PSI: {'drift_detected': False, 'psi_per_feature': {'X': 0.0, 'Y': 0.0, 'size': 0.0, 'num_deliver_per_week': 0.0, 'num_visit_per_week': 0.0}, 'psi_threshold': 0.2, 'week_base_max': 202501, 'week_new': 202502, 'n_base': 9044874, 'n_new': 170658}
[2025-12-03, 13:47:51 UTC] {python.py:201} INFO - Done. Returned value was: False
[2025-12-03, 13:47:51 UTC] {taskinstance.py:1138} INFO - Marking task as SUCCESS. dag_id=sodai_xgb_pipeline, task_id=check_drift_task, execution_date=20251203T134502, start_date=20251203T134745, end_date=20251203T134751
[2025-12-03, 13:47:51 UTC] {local_task_job_runner.py:234} INFO - Task exited with return code 0
[2025-12-03, 13:47:51 UTC] {taskinstance.py:3281} INFO - 0 downstream tasks scheduled from follow-on schedule check

4. *branch_on_drift*
b6c371dd2e5a
*** Found local files:
***   * /opt/airflow/logs/dag_id=sodai_xgb_pipeline/run_id=manual__2025-12-03T13:45:02.560303+00:00/task_id=branch_on_drift/attempt=1.log
[2025-12-03, 13:47:53 UTC] {taskinstance.py:1957} INFO - Dependencies all met for dep_context=non-requeueable deps ti=<TaskInstance: sodai_xgb_pipeline.branch_on_drift manual__2025-12-03T13:45:02.560303+00:00 [queued]>
[2025-12-03, 13:47:53 UTC] {taskinstance.py:1957} INFO - Dependencies all met for dep_context=requeueable deps ti=<TaskInstance: sodai_xgb_pipeline.branch_on_drift manual__2025-12-03T13:45:02.560303+00:00 [queued]>
[2025-12-03, 13:47:53 UTC] {taskinstance.py:2171} INFO - Starting attempt 1 of 2
[2025-12-03, 13:47:53 UTC] {taskinstance.py:2192} INFO - Executing <Task(BranchPythonOperator): branch_on_drift> on 2025-12-03 13:45:02.560303+00:00
[2025-12-03, 13:47:53 UTC] {standard_task_runner.py:60} INFO - Started process 324 to run task
[2025-12-03, 13:47:53 UTC] {standard_task_runner.py:87} INFO - Running: ['***', 'tasks', 'run', 'sodai_xgb_pipeline', 'branch_on_drift', 'manual__2025-12-03T13:45:02.560303+00:00', '--job-id', '129', '--raw', '--subdir', 'DAGS_FOLDER/sodai_xgb_pipeline_dag.py', '--cfg-path', '/tmp/tmp7eyqgrc8']
[2025-12-03, 13:47:53 UTC] {standard_task_runner.py:88} INFO - Job 129: Subtask branch_on_drift
[2025-12-03, 13:47:53 UTC] {task_command.py:423} INFO - Running <TaskInstance: sodai_xgb_pipeline.branch_on_drift manual__2025-12-03T13:45:02.560303+00:00 [running]> on host b6c371dd2e5a
[2025-12-03, 13:47:53 UTC] {taskinstance.py:2481} INFO - Exporting env vars: AIRFLOW_CTX_DAG_OWNER='sodai_drinkers' AIRFLOW_CTX_DAG_ID='sodai_xgb_pipeline' AIRFLOW_CTX_TASK_ID='branch_on_drift' AIRFLOW_CTX_EXECUTION_DATE='2025-12-03T13:45:02.560303+00:00' AIRFLOW_CTX_TRY_NUMBER='1' AIRFLOW_CTX_DAG_RUN_ID='manual__2025-12-03T13:45:02.560303+00:00'
[2025-12-03, 13:47:53 UTC] {logging_mixin.py:188} INFO - 
============================================================
[2025-12-03, 13:47:53 UTC] {logging_mixin.py:188} INFO - EVALUACIÓN DE REENTRENAMIENTO
[2025-12-03, 13:47:53 UTC] {logging_mixin.py:188} INFO - ============================================================
[2025-12-03, 13:47:53 UTC] {logging_mixin.py:188} INFO -   Modelo existe: True
[2025-12-03, 13:47:53 UTC] {logging_mixin.py:188} INFO -   Nueva data:    True
[2025-12-03, 13:47:53 UTC] {logging_mixin.py:188} INFO -   Drift:         False
[2025-12-03, 13:47:53 UTC] {logging_mixin.py:188} INFO - ============================================================
[2025-12-03, 13:47:53 UTC] {logging_mixin.py:188} INFO - [branch_on_drift] Nueva data detectada → REENTRENAR
[2025-12-03, 13:47:53 UTC] {python.py:201} INFO - Done. Returned value was: retrain_model_task
[2025-12-03, 13:47:53 UTC] {branch.py:35} INFO - Branch into retrain_model_task
[2025-12-03, 13:47:53 UTC] {skipmixin.py:178} INFO - Following branch retrain_model_task
[2025-12-03, 13:47:53 UTC] {skipmixin.py:244} INFO - Skipping tasks [('skip_retrain', -1)]
[2025-12-03, 13:47:53 UTC] {taskinstance.py:1138} INFO - Marking task as SUCCESS. dag_id=sodai_xgb_pipeline, task_id=branch_on_drift, execution_date=20251203T134502, start_date=20251203T134753, end_date=20251203T134753
[2025-12-03, 13:47:53 UTC] {local_task_job_runner.py:234} INFO - Task exited with return code 0
[2025-12-03, 13:47:53 UTC] {taskinstance.py:3281} INFO - 1 downstream tasks scheduled from follow-on schedule check

5. *retrain_model_task*
b6c371dd2e5a
*** Found local files:
***   * /opt/airflow/logs/dag_id=sodai_xgb_pipeline/run_id=manual__2025-12-03T13:45:02.560303+00:00/task_id=retrain_model_task/attempt=1.log
[2025-12-03, 13:47:55 UTC] {taskinstance.py:1957} INFO - Dependencies all met for dep_context=non-requeueable deps ti=<TaskInstance: sodai_xgb_pipeline.retrain_model_task manual__2025-12-03T13:45:02.560303+00:00 [queued]>
[2025-12-03, 13:47:55 UTC] {taskinstance.py:1957} INFO - Dependencies all met for dep_context=requeueable deps ti=<TaskInstance: sodai_xgb_pipeline.retrain_model_task manual__2025-12-03T13:45:02.560303+00:00 [queued]>
[2025-12-03, 13:47:55 UTC] {taskinstance.py:2171} INFO - Starting attempt 1 of 2
[2025-12-03, 13:47:55 UTC] {taskinstance.py:2192} INFO - Executing <Task(PythonOperator): retrain_model_task> on 2025-12-03 13:45:02.560303+00:00
[2025-12-03, 13:47:55 UTC] {standard_task_runner.py:60} INFO - Started process 327 to run task
[2025-12-03, 13:47:55 UTC] {standard_task_runner.py:87} INFO - Running: ['***', 'tasks', 'run', 'sodai_xgb_pipeline', 'retrain_model_task', 'manual__2025-12-03T13:45:02.560303+00:00', '--job-id', '130', '--raw', '--subdir', 'DAGS_FOLDER/sodai_xgb_pipeline_dag.py', '--cfg-path', '/tmp/tmp4hxzddyf']
[2025-12-03, 13:47:55 UTC] {standard_task_runner.py:88} INFO - Job 130: Subtask retrain_model_task
[2025-12-03, 13:47:55 UTC] {task_command.py:423} INFO - Running <TaskInstance: sodai_xgb_pipeline.retrain_model_task manual__2025-12-03T13:45:02.560303+00:00 [running]> on host b6c371dd2e5a
[2025-12-03, 13:47:56 UTC] {taskinstance.py:2481} INFO - Exporting env vars: AIRFLOW_CTX_DAG_OWNER='sodai_drinkers' AIRFLOW_CTX_DAG_ID='sodai_xgb_pipeline' AIRFLOW_CTX_TASK_ID='retrain_model_task' AIRFLOW_CTX_EXECUTION_DATE='2025-12-03T13:45:02.560303+00:00' AIRFLOW_CTX_TRY_NUMBER='1' AIRFLOW_CTX_DAG_RUN_ID='manual__2025-12-03T13:45:02.560303+00:00'
[2025-12-03, 13:48:06 UTC] {logging_mixin.py:188} INFO - [retrain_model_task] Cargando df_final COMPLETO desde /opt/***/data/df_final_latest.parquet
[2025-12-03, 13:48:12 UTC] {logging_mixin.py:188} INFO - [retrain_model_task] Shape total: (9215532, 23)
[2025-12-03, 13:48:12 UTC] {logging_mixin.py:188} INFO - [retrain_model_task]  Iniciando entrenamiento con Optuna...
[2025-12-03, 13:49:29 UTC] {logging_mixin.py:188} INFO - [Optuna] Iniciando búsqueda de hiperparámetros...
[2025-12-03, 13:49:30 UTC] {logging_mixin.py:188} WARNING - [I 2025-12-03 13:49:30,775] A new study created in memory with name: no-name-6e9f7c39-1b21-41aa-b19d-3b191bba8e08
[2025-12-03, 13:56:07 UTC] {logging_mixin.py:188} WARNING - [I 2025-12-03 13:56:07,241] Trial 1 finished with value: 0.10864203110976232 and parameters: {'learning_rate': 0.07165510654224216, 'n_estimators': 83, 'max_depth': 6, 'min_child_weight': 2, 'reg_alpha': 0.7512184041449657, 'reg_lambda': 0.2839288415419078, 'min_frequency': 0.6868330189248316}. Best is trial 1 with value: 0.10864203110976232.
[2025-12-03, 13:59:56 UTC] {logging_mixin.py:188} WARNING - [I 2025-12-03 13:59:56,628] Trial 0 finished with value: 0.1414304585478479 and parameters: {'learning_rate': 0.08256087227338199, 'n_estimators': 438, 'max_depth': 6, 'min_child_weight': 3, 'reg_alpha': 0.07752414055359236, 'reg_lambda': 0.9412318267825998, 'min_frequency': 0.2791497477098679}. Best is trial 0 with value: 0.1414304585478479.
[2025-12-03, 14:02:16 UTC] {logging_mixin.py:188} WARNING - [I 2025-12-03 14:02:16,583] Trial 2 finished with value: 0.12253614240790812 and parameters: {'learning_rate': 0.07833776841244863, 'n_estimators': 903, 'max_depth': 4, 'min_child_weight': 3, 'reg_alpha': 0.40862712334671536, 'reg_lambda': 0.16597848282389638, 'min_frequency': 0.4695777422784648}. Best is trial 0 with value: 0.1414304585478479.
[2025-12-03, 14:03:07 UTC] {logging_mixin.py:188} WARNING - [I 2025-12-03 14:03:07,559] Trial 4 finished with value: 0.10577192444721291 and parameters: {'learning_rate': 0.010326478710670207, 'n_estimators': 483, 'max_depth': 5, 'min_child_weight': 2, 'reg_alpha': 0.45327376446214485, 'reg_lambda': 0.7535948497570527, 'min_frequency': 0.6108052714638965}. Best is trial 0 with value: 0.1414304585478479.
[2025-12-03, 14:07:00 UTC] {logging_mixin.py:188} WARNING - [I 2025-12-03 14:06:59,996] Trial 6 finished with value: 0.11839265445797828 and parameters: {'learning_rate': 0.05675461297546782, 'n_estimators': 300, 'max_depth': 6, 'min_child_weight': 3, 'reg_alpha': 0.22889577754430257, 'reg_lambda': 0.6411678985166576, 'min_frequency': 0.782608547609108}. Best is trial 0 with value: 0.1414304585478479.
[2025-12-03, 14:07:40 UTC] {logging_mixin.py:188} WARNING - [I 2025-12-03 14:07:40,450] Trial 3 finished with value: 0.12277009014031826 and parameters: {'learning_rate': 0.04518491314382927, 'n_estimators': 880, 'max_depth': 10, 'min_child_weight': 4, 'reg_alpha': 0.5097190414310696, 'reg_lambda': 0.8091088938782199, 'min_frequency': 0.8797085800309619}. Best is trial 0 with value: 0.1414304585478479.
[2025-12-03, 14:10:57 UTC] {logging_mixin.py:188} WARNING - [I 2025-12-03 14:10:57,758] Trial 5 finished with value: 0.12059102917010463 and parameters: {'learning_rate': 0.01959164481953819, 'n_estimators': 878, 'max_depth': 6, 'min_child_weight': 3, 'reg_alpha': 0.8574082006953594, 'reg_lambda': 0.9951890403380108, 'min_frequency': 0.4302419214742138}. Best is trial 0 with value: 0.1414304585478479.
[2025-12-03, 14:12:48 UTC] {logging_mixin.py:188} WARNING - [I 2025-12-03 14:12:48,652] Trial 8 finished with value: 0.12599666983397667 and parameters: {'learning_rate': 0.09578131968610198, 'n_estimators': 572, 'max_depth': 5, 'min_child_weight': 5, 'reg_alpha': 0.8321778954874887, 'reg_lambda': 0.07755549191670774, 'min_frequency': 0.764613116040785}. Best is trial 0 with value: 0.1414304585478479.
[2025-12-03, 14:13:39 UTC] {logging_mixin.py:188} WARNING - [I 2025-12-03 14:13:39,407] Trial 7 finished with value: 0.17225585046521213 and parameters: {'learning_rate': 0.0744065131630792, 'n_estimators': 683, 'max_depth': 9, 'min_child_weight': 3, 'reg_alpha': 0.5773641059363057, 'reg_lambda': 0.47062082300215535, 'min_frequency': 0.15410972909905385}. Best is trial 7 with value: 0.17225585046521213.
